生成启动时间为 2016/8/9 15:43:35。
     1>项目“E:\documents\documents\Research\SANF\SANF\SANF.vcxproj”在节点 2 上(build 个目标)。
     1>InitializeBuildStatus:
         正在创建“Release\SANF.unsuccessfulbuild”，因为已指定“AlwaysCreate”。
       ClCompile:
         C:\Program Files (x86)\Microsoft Visual Studio 10.0\VC\bin\CL.exe /c /ID:\eigen3 /Zi /nologo /W3 /WX- /O2 /Oi /Oy- /GL /D WIN32 /D NDEBUG /D _CONSOLE /D _UNICODE /D UNICODE /Gm- /EHsc /MD /GS /Gy /fp:precise /Zc:wchar_t /Zc:forScope /Fo"Release\\" /Fd"Release\vc100.pdb" /Gd /TP /analyze- /errorReport:prompt SANF.cpp
         SANF.cpp
       Link:
         C:\Program Files (x86)\Microsoft Visual Studio 10.0\VC\bin\link.exe /ERRORREPORT:PROMPT /OUT:"E:\documents\documents\Research\SANF\Release\SANF.exe" /INCREMENTAL:NO /NOLOGO kernel32.lib user32.lib gdi32.lib winspool.lib comdlg32.lib advapi32.lib shell32.lib ole32.lib oleaut32.lib uuid.lib odbc32.lib odbccp32.lib /MANIFEST /ManifestFile:"Release\SANF.exe.intermediate.manifest" /MANIFESTUAC:"level='asInvoker' uiAccess='false'" /DEBUG /PDB:"E:\documents\documents\Research\SANF\Release\SANF.pdb" /SUBSYSTEM:CONSOLE /OPT:REF /OPT:ICF /LTCG /TLBID:1 /DYNAMICBASE /NXCOMPAT /IMPLIB:"E:\documents\documents\Research\SANF\Release\SANF.lib" /MACHINE:X86 Release\main.obj
         Release\SANF.obj
         Release\stdafx.obj
         Release\SVD.obj
         正在生成代码
         已完成代码的生成
         SANF.vcxproj -> E:\documents\documents\Research\SANF\Release\SANF.exe
       Manifest:
         C:\Program Files (x86)\Microsoft SDKs\Windows\v7.0A\bin\mt.exe /nologo /verbose /outputresource:"E:\documents\documents\Research\SANF\Release\SANF.exe;#1" /manifest Release\SANF.exe.intermediate.manifest
       FinalizeBuildStatus:
         正在删除文件“Release\SANF.unsuccessfulbuild”。
         正在对“Release\SANF.lastbuildstate”执行 Touch 任务。
     1>已完成生成项目“E:\documents\documents\Research\SANF\SANF\SANF.vcxproj”(build 个目标)的操作。

生成成功。

已用时间 00:00:07.69
