生成启动时间为 2016/8/6 21:00:34。
     1>项目“E:\documents\documents\Research\SANF\SANF\SANF.vcxproj”在节点 2 上(build 个目标)。
     1>InitializeBuildStatus:
         正在创建“Debug\SANF.unsuccessfulbuild”，因为已指定“AlwaysCreate”。
       ClCompile:
         C:\Program Files (x86)\Microsoft Visual Studio 10.0\VC\bin\CL.exe /c /ID:\eigen3 /ZI /nologo /W3 /WX- /Od /Oy- /D WIN32 /D _DEBUG /D _CONSOLE /D _UNICODE /D UNICODE /Gm /EHsc /RTC1 /MDd /GS /fp:precise /Zc:wchar_t /Zc:forScope /Fo"Debug\\" /Fd"Debug\vc100.pdb" /Gd /TP /analyze- /errorReport:prompt SANF.cpp
         SANF.cpp
     1>e:\documents\documents\research\sanf\sanf\sanf.cpp(322): warning C4018: “<”: 有符号/无符号不匹配
     1>e:\documents\documents\research\sanf\sanf\sanf.cpp(363): warning C4018: “<”: 有符号/无符号不匹配
       ManifestResourceCompile:
         所有输出均为最新。
       Link:
         C:\Program Files (x86)\Microsoft Visual Studio 10.0\VC\bin\link.exe /ERRORREPORT:PROMPT /OUT:"E:\documents\documents\Research\SANF\Debug\SANF.exe" /INCREMENTAL /NOLOGO kernel32.lib user32.lib gdi32.lib winspool.lib comdlg32.lib advapi32.lib shell32.lib ole32.lib oleaut32.lib uuid.lib odbc32.lib odbccp32.lib /MANIFEST /ManifestFile:"Debug\SANF.exe.intermediate.manifest" /MANIFESTUAC:"level='asInvoker' uiAccess='false'" /DEBUG /PDB:"E:\documents\documents\Research\SANF\Debug\SANF.pdb" /SUBSYSTEM:CONSOLE /TLBID:1 /DYNAMICBASE /NXCOMPAT /IMPLIB:"E:\documents\documents\Research\SANF\Debug\SANF.lib" /MACHINE:X86 Debug\SANF.exe.embed.manifest.res
         Debug\main.obj
         Debug\SANF.obj
         Debug\stdafx.obj
         Debug\SVD.obj
       Manifest:
         C:\Program Files (x86)\Microsoft SDKs\Windows\v7.0A\bin\mt.exe /nologo /verbose /out:"Debug\SANF.exe.embed.manifest" /manifest Debug\SANF.exe.intermediate.manifest
         所有输出均为最新。
       LinkEmbedManifest:
         所有输出均为最新。
         SANF.vcxproj -> E:\documents\documents\Research\SANF\Debug\SANF.exe
       FinalizeBuildStatus:
         正在删除文件“Debug\SANF.unsuccessfulbuild”。
         正在对“Debug\SANF.lastbuildstate”执行 Touch 任务。
     1>已完成生成项目“E:\documents\documents\Research\SANF\SANF\SANF.vcxproj”(build 个目标)的操作。

生成成功。

已用时间 00:00:04.78
