E:\DOCUMENTS\DOCUMENTS\RESEARCH\SANF\DEBUG\SANF.EXE
E:\DOCUMENTS\DOCUMENTS\RESEARCH\SANF\DEBUG\SANF.ILK
E:\DOCUMENTS\DOCUMENTS\RESEARCH\SANF\DEBUG\SANF.PDB
E:\documents\documents\Research\SANF\SANF\Debug\cl.command.1.tlog
E:\documents\documents\Research\SANF\SANF\Debug\CL.read.1.tlog
E:\documents\documents\Research\SANF\SANF\Debug\CL.write.1.tlog
E:\documents\documents\Research\SANF\SANF\Debug\link.10076.read.1.tlog
E:\documents\documents\Research\SANF\SANF\Debug\link.10076.write.1.tlog
E:\documents\documents\Research\SANF\SANF\Debug\link.10076-cvtres.read.1.tlog
E:\documents\documents\Research\SANF\SANF\Debug\link.10076-cvtres.write.1.tlog
E:\documents\documents\Research\SANF\SANF\Debug\link.10400.read.1.tlog
E:\documents\documents\Research\SANF\SANF\Debug\link.10400.write.1.tlog
E:\documents\documents\Research\SANF\SANF\Debug\link.10400-cvtres.read.1.tlog
E:\documents\documents\Research\SANF\SANF\Debug\link.10400-cvtres.write.1.tlog
E:\documents\documents\Research\SANF\SANF\Debug\link.11904.read.1.tlog
E:\documents\documents\Research\SANF\SANF\Debug\link.11904.write.1.tlog
E:\documents\documents\Research\SANF\SANF\Debug\link.11904-cvtres.read.1.tlog
E:\documents\documents\Research\SANF\SANF\Debug\link.11904-cvtres.write.1.tlog
E:\documents\documents\Research\SANF\SANF\Debug\link.12812.read.1.tlog
E:\documents\documents\Research\SANF\SANF\Debug\link.12812.write.1.tlog
E:\documents\documents\Research\SANF\SANF\Debug\link.12812-cvtres.read.1.tlog
E:\documents\documents\Research\SANF\SANF\Debug\link.12812-cvtres.write.1.tlog
E:\documents\documents\Research\SANF\SANF\Debug\link.12916.read.1.tlog
E:\documents\documents\Research\SANF\SANF\Debug\link.12916.write.1.tlog
E:\documents\documents\Research\SANF\SANF\Debug\link.12916-cvtres.read.1.tlog
E:\documents\documents\Research\SANF\SANF\Debug\link.12916-cvtres.write.1.tlog
E:\documents\documents\Research\SANF\SANF\Debug\link.13488.read.1.tlog
E:\documents\documents\Research\SANF\SANF\Debug\link.13488.write.1.tlog
E:\documents\documents\Research\SANF\SANF\Debug\link.13488-cvtres.read.1.tlog
E:\documents\documents\Research\SANF\SANF\Debug\link.13488-cvtres.write.1.tlog
E:\documents\documents\Research\SANF\SANF\Debug\link.13748.read.1.tlog
E:\documents\documents\Research\SANF\SANF\Debug\link.13748.write.1.tlog
E:\documents\documents\Research\SANF\SANF\Debug\link.13748-cvtres.read.1.tlog
E:\documents\documents\Research\SANF\SANF\Debug\link.13748-cvtres.write.1.tlog
E:\documents\documents\Research\SANF\SANF\Debug\link.13932.read.1.tlog
E:\documents\documents\Research\SANF\SANF\Debug\link.13932.write.1.tlog
E:\documents\documents\Research\SANF\SANF\Debug\link.13932-cvtres.read.1.tlog
E:\documents\documents\Research\SANF\SANF\Debug\link.13932-cvtres.write.1.tlog
E:\documents\documents\Research\SANF\SANF\Debug\link.13948.read.1.tlog
E:\documents\documents\Research\SANF\SANF\Debug\link.13948.write.1.tlog
E:\documents\documents\Research\SANF\SANF\Debug\link.13948-cvtres.read.1.tlog
E:\documents\documents\Research\SANF\SANF\Debug\link.13948-cvtres.write.1.tlog
E:\documents\documents\Research\SANF\SANF\Debug\link.14172.read.1.tlog
E:\documents\documents\Research\SANF\SANF\Debug\link.14172.write.1.tlog
E:\documents\documents\Research\SANF\SANF\Debug\link.14172-cvtres.read.1.tlog
E:\documents\documents\Research\SANF\SANF\Debug\link.14172-cvtres.write.1.tlog
E:\documents\documents\Research\SANF\SANF\Debug\link.14212.read.1.tlog
E:\documents\documents\Research\SANF\SANF\Debug\link.14212.write.1.tlog
E:\documents\documents\Research\SANF\SANF\Debug\link.14212-cvtres.read.1.tlog
E:\documents\documents\Research\SANF\SANF\Debug\link.14212-cvtres.write.1.tlog
E:\documents\documents\Research\SANF\SANF\Debug\link.14272.read.1.tlog
E:\documents\documents\Research\SANF\SANF\Debug\link.14272.write.1.tlog
E:\documents\documents\Research\SANF\SANF\Debug\link.14272-cvtres.read.1.tlog
E:\documents\documents\Research\SANF\SANF\Debug\link.14272-cvtres.write.1.tlog
E:\documents\documents\Research\SANF\SANF\Debug\link.15136.read.1.tlog
E:\documents\documents\Research\SANF\SANF\Debug\link.15136.write.1.tlog
E:\documents\documents\Research\SANF\SANF\Debug\link.15136-cvtres.read.1.tlog
E:\documents\documents\Research\SANF\SANF\Debug\link.15136-cvtres.write.1.tlog
E:\documents\documents\Research\SANF\SANF\Debug\link.16188.read.1.tlog
E:\documents\documents\Research\SANF\SANF\Debug\link.16188.write.1.tlog
E:\documents\documents\Research\SANF\SANF\Debug\link.16188-cvtres.read.1.tlog
E:\documents\documents\Research\SANF\SANF\Debug\link.16188-cvtres.write.1.tlog
E:\documents\documents\Research\SANF\SANF\Debug\link.16496.read.1.tlog
E:\documents\documents\Research\SANF\SANF\Debug\link.16496.write.1.tlog
E:\documents\documents\Research\SANF\SANF\Debug\link.16496-cvtres.read.1.tlog
E:\documents\documents\Research\SANF\SANF\Debug\link.16496-cvtres.write.1.tlog
E:\documents\documents\Research\SANF\SANF\Debug\link.16736.read.1.tlog
E:\documents\documents\Research\SANF\SANF\Debug\link.16736.write.1.tlog
E:\documents\documents\Research\SANF\SANF\Debug\link.16736-cvtres.read.1.tlog
E:\documents\documents\Research\SANF\SANF\Debug\link.16736-cvtres.write.1.tlog
E:\documents\documents\Research\SANF\SANF\Debug\link.17144.read.1.tlog
E:\documents\documents\Research\SANF\SANF\Debug\link.17144.write.1.tlog
E:\documents\documents\Research\SANF\SANF\Debug\link.17144-cvtres.read.1.tlog
E:\documents\documents\Research\SANF\SANF\Debug\link.17144-cvtres.write.1.tlog
E:\documents\documents\Research\SANF\SANF\Debug\link.17216.read.1.tlog
E:\documents\documents\Research\SANF\SANF\Debug\link.17216.write.1.tlog
E:\documents\documents\Research\SANF\SANF\Debug\link.17216-cvtres.read.1.tlog
E:\documents\documents\Research\SANF\SANF\Debug\link.17216-cvtres.write.1.tlog
E:\documents\documents\Research\SANF\SANF\Debug\link.17580.read.1.tlog
E:\documents\documents\Research\SANF\SANF\Debug\link.17580.write.1.tlog
E:\documents\documents\Research\SANF\SANF\Debug\link.17580-cvtres.read.1.tlog
E:\documents\documents\Research\SANF\SANF\Debug\link.17580-cvtres.write.1.tlog
E:\documents\documents\Research\SANF\SANF\Debug\link.18084.read.1.tlog
E:\documents\documents\Research\SANF\SANF\Debug\link.18084.write.1.tlog
E:\documents\documents\Research\SANF\SANF\Debug\link.18084-cvtres.read.1.tlog
E:\documents\documents\Research\SANF\SANF\Debug\link.18084-cvtres.write.1.tlog
E:\documents\documents\Research\SANF\SANF\Debug\link.18516.read.1.tlog
E:\documents\documents\Research\SANF\SANF\Debug\link.18516.write.1.tlog
E:\documents\documents\Research\SANF\SANF\Debug\link.18516-cvtres.read.1.tlog
E:\documents\documents\Research\SANF\SANF\Debug\link.18516-cvtres.write.1.tlog
E:\documents\documents\Research\SANF\SANF\Debug\link.18596.read.1.tlog
E:\documents\documents\Research\SANF\SANF\Debug\link.18596.write.1.tlog
E:\documents\documents\Research\SANF\SANF\Debug\link.18596-cvtres.read.1.tlog
E:\documents\documents\Research\SANF\SANF\Debug\link.18596-cvtres.write.1.tlog
E:\documents\documents\Research\SANF\SANF\Debug\link.18680.read.1.tlog
E:\documents\documents\Research\SANF\SANF\Debug\link.18680.write.1.tlog
E:\documents\documents\Research\SANF\SANF\Debug\link.18680-cvtres.read.1.tlog
E:\documents\documents\Research\SANF\SANF\Debug\link.18680-cvtres.write.1.tlog
E:\documents\documents\Research\SANF\SANF\Debug\link.18740.read.1.tlog
E:\documents\documents\Research\SANF\SANF\Debug\link.18740.write.1.tlog
E:\documents\documents\Research\SANF\SANF\Debug\link.18740-cvtres.read.1.tlog
E:\documents\documents\Research\SANF\SANF\Debug\link.18740-cvtres.write.1.tlog
E:\documents\documents\Research\SANF\SANF\Debug\link.18904.read.1.tlog
E:\documents\documents\Research\SANF\SANF\Debug\link.18904.write.1.tlog
E:\documents\documents\Research\SANF\SANF\Debug\link.18904-cvtres.read.1.tlog
E:\documents\documents\Research\SANF\SANF\Debug\link.18904-cvtres.write.1.tlog
E:\documents\documents\Research\SANF\SANF\Debug\link.18960.read.1.tlog
E:\documents\documents\Research\SANF\SANF\Debug\link.18960.write.1.tlog
E:\documents\documents\Research\SANF\SANF\Debug\link.18960-cvtres.read.1.tlog
E:\documents\documents\Research\SANF\SANF\Debug\link.18960-cvtres.write.1.tlog
E:\documents\documents\Research\SANF\SANF\Debug\link.19372.read.1.tlog
E:\documents\documents\Research\SANF\SANF\Debug\link.19372.write.1.tlog
E:\documents\documents\Research\SANF\SANF\Debug\link.19372-cvtres.read.1.tlog
E:\documents\documents\Research\SANF\SANF\Debug\link.19372-cvtres.write.1.tlog
E:\documents\documents\Research\SANF\SANF\Debug\link.3268.read.1.tlog
E:\documents\documents\Research\SANF\SANF\Debug\link.3268.write.1.tlog
E:\documents\documents\Research\SANF\SANF\Debug\link.3268-cvtres.read.1.tlog
E:\documents\documents\Research\SANF\SANF\Debug\link.3268-cvtres.write.1.tlog
E:\documents\documents\Research\SANF\SANF\Debug\link.4600.read.1.tlog
E:\documents\documents\Research\SANF\SANF\Debug\link.4600.write.1.tlog
E:\documents\documents\Research\SANF\SANF\Debug\link.4600-cvtres.read.1.tlog
E:\documents\documents\Research\SANF\SANF\Debug\link.4600-cvtres.write.1.tlog
E:\documents\documents\Research\SANF\SANF\Debug\link.4772.read.1.tlog
E:\documents\documents\Research\SANF\SANF\Debug\link.4772.write.1.tlog
E:\documents\documents\Research\SANF\SANF\Debug\link.4772-cvtres.read.1.tlog
E:\documents\documents\Research\SANF\SANF\Debug\link.4772-cvtres.write.1.tlog
E:\documents\documents\Research\SANF\SANF\Debug\link.5544.read.1.tlog
E:\documents\documents\Research\SANF\SANF\Debug\link.5544.write.1.tlog
E:\documents\documents\Research\SANF\SANF\Debug\link.5544-cvtres.read.1.tlog
E:\documents\documents\Research\SANF\SANF\Debug\link.5544-cvtres.write.1.tlog
E:\documents\documents\Research\SANF\SANF\Debug\link.9820.read.1.tlog
E:\documents\documents\Research\SANF\SANF\Debug\link.9820.write.1.tlog
E:\documents\documents\Research\SANF\SANF\Debug\link.9820-cvtres.read.1.tlog
E:\documents\documents\Research\SANF\SANF\Debug\link.9820-cvtres.write.1.tlog
E:\documents\documents\Research\SANF\SANF\Debug\link.command.1.tlog
E:\documents\documents\Research\SANF\SANF\Debug\link.read.1.tlog
E:\documents\documents\Research\SANF\SANF\Debug\link.write.1.tlog
E:\documents\documents\Research\SANF\SANF\Debug\link-cvtres.read.1.tlog
E:\documents\documents\Research\SANF\SANF\Debug\link-cvtres.write.1.tlog
E:\DOCUMENTS\DOCUMENTS\RESEARCH\SANF\SANF\DEBUG\MAIN.OBJ
E:\documents\documents\Research\SANF\SANF\Debug\mt.command.1.tlog
E:\documents\documents\Research\SANF\SANF\Debug\mt.read.1.tlog
E:\documents\documents\Research\SANF\SANF\Debug\mt.write.1.tlog
E:\documents\documents\Research\SANF\SANF\Debug\rc.command.1.tlog
E:\documents\documents\Research\SANF\SANF\Debug\rc.read.1.tlog
E:\documents\documents\Research\SANF\SANF\Debug\rc.write.1.tlog
E:\DOCUMENTS\DOCUMENTS\RESEARCH\SANF\SANF\DEBUG\SANF.EXE.EMBED.MANIFEST
E:\DOCUMENTS\DOCUMENTS\RESEARCH\SANF\SANF\DEBUG\SANF.EXE.EMBED.MANIFEST.RES
E:\DOCUMENTS\DOCUMENTS\RESEARCH\SANF\SANF\DEBUG\SANF.EXE.INTERMEDIATE.MANIFEST
E:\DOCUMENTS\DOCUMENTS\RESEARCH\SANF\SANF\DEBUG\SANF.OBJ
E:\documents\documents\Research\SANF\SANF\Debug\SANF.vcxprojResolveAssemblyReference.cache
E:\documents\documents\Research\SANF\SANF\Debug\SANF.write.1.tlog
E:\documents\documents\Research\SANF\SANF\Debug\SANF_manifest.rc
E:\DOCUMENTS\DOCUMENTS\RESEARCH\SANF\SANF\DEBUG\STDAFX.OBJ
E:\DOCUMENTS\DOCUMENTS\RESEARCH\SANF\SANF\DEBUG\SVD.OBJ
E:\documents\documents\Research\SANF\SANF\Debug\vc100.idb
E:\DOCUMENTS\DOCUMENTS\RESEARCH\SANF\SANF\DEBUG\VC100.PDB
